<?xml version="1.0" encoding="UTF-8"?>
<!-- Generated by org.testng.reporters.JUnitReportReporter -->
<testsuite hostname="Bojan" failures="0" tests="1" name="rs.hooloovoo.test.UsersTest" time="0.090" errors="0" timestamp="2019-12-05T05:31:35 CET" skipped="0">
  <testcase classname="rs.hooloovoo.test.UsersTest" name="testUsers" time="0.090"/>
</testsuite> <!-- rs.hooloovoo.test.UsersTest -->
